
  .   ____          _            __ _ _
 /\\ / ___'_ __ _ _(_)_ __  __ _ \ \ \ \
( ( )\___ | '_ | '_| | '_ \/ _` | \ \ \ \
 \\/  ___)| |_)| | | | | || (_| |  ) ) ) )
  '  |____| .__|_| |_|_| |_\__, | / / / /
 =========|_|==============|___/=/_/_/_/

 :: Spring Boot ::               (v3.5.11)

2026-03-06T09:11:48.603+08:00  INFO 21272 --- [splitshare] [           main] e.c.c.splitshare.SplitshareApplication   : Starting SplitshareApplication v0.0.1-SNAPSHOT using Java 17.0.16 with PID 21272 (C:\Users\L24X09W30\Downloads\SplitShare\backend\target\splitshare-0.0.1-SNAPSHOT.jar started by L24X09W30 in C:\Users\L24X09W30\Downloads\SplitShare)
2026-03-06T09:11:48.604+08:00  INFO 21272 --- [splitshare] [           main] e.c.c.splitshare.SplitshareApplication   : No active profile set, falling back to 1 default profile: "default"
2026-03-06T09:11:49.192+08:00  INFO 21272 --- [splitshare] [           main] .s.d.r.c.RepositoryConfigurationDelegate : Bootstrapping Spring Data JPA repositories in DEFAULT mode.
2026-03-06T09:11:49.242+08:00  INFO 21272 --- [splitshare] [           main] .s.d.r.c.RepositoryConfigurationDelegate : Finished Spring Data repository scanning in 37 ms. Found 1 JPA repository interface.
2026-03-06T09:11:49.863+08:00  INFO 21272 --- [splitshare] [           main] o.s.b.w.embedded.tomcat.TomcatWebServer  : Tomcat initialized with port 8080 (http)
2026-03-06T09:11:49.886+08:00  INFO 21272 --- [splitshare] [           main] o.apache.catalina.core.StandardService   : Starting service [Tomcat]
2026-03-06T09:11:49.886+08:00  INFO 21272 --- [splitshare] [           main] o.apache.catalina.core.StandardEngine    : Starting Servlet engine: [Apache Tomcat/10.1.52]
2026-03-06T09:11:49.910+08:00  INFO 21272 --- [splitshare] [           main] o.a.c.c.C.[Tomcat].[localhost].[/]       : Initializing Spring embedded WebApplicationContext
2026-03-06T09:11:49.910+08:00  INFO 21272 --- [splitshare] [           main] w.s.c.ServletWebServerApplicationContext : Root WebApplicationContext: initialization completed in 1276 ms
2026-03-06T09:11:50.143+08:00  INFO 21272 --- [splitshare] [           main] o.hibernate.jpa.internal.util.LogHelper  : HHH000204: Processing PersistenceUnitInfo [name: default]
2026-03-06T09:11:50.220+08:00  INFO 21272 --- [splitshare] [           main] org.hibernate.Version                    : HHH000412: Hibernate ORM core version 6.6.42.Final
2026-03-06T09:11:50.244+08:00  INFO 21272 --- [splitshare] [           main] o.h.c.internal.RegionFactoryInitiator    : HHH000026: Second-level cache disabled
2026-03-06T09:11:50.573+08:00  INFO 21272 --- [splitshare] [           main] o.s.o.j.p.SpringPersistenceUnitInfo      : No LoadTimeWeaver setup: ignoring JPA class transformer
2026-03-06T09:11:50.613+08:00  INFO 21272 --- [splitshare] [           main] com.zaxxer.hikari.HikariDataSource       : HikariPool-1 - Starting...
2026-03-06T09:11:51.904+08:00  INFO 21272 --- [splitshare] [           main] com.zaxxer.hikari.pool.HikariPool        : HikariPool-1 - Added connection org.postgresql.jdbc.PgConnection@1857fe6c
2026-03-06T09:11:51.904+08:00  INFO 21272 --- [splitshare] [           main] com.zaxxer.hikari.HikariDataSource       : HikariPool-1 - Start completed.
2026-03-06T09:11:52.025+08:00  WARN 21272 --- [splitshare] [           main] org.hibernate.orm.deprecation            : HHH90000025: PostgreSQLDialect does not need to be specified explicitly using 'hibernate.dialect' (remove the property setting and it will be selected by default)
2026-03-06T09:11:52.326+08:00  INFO 21272 --- [splitshare] [           main] org.hibernate.orm.connections.pooling    : HHH10001005: Database info:
	Database JDBC URL [Connecting through datasource 'HikariDataSource (HikariPool-1)']
	Database driver: undefined/unknown
	Database version: 17.6
	Autocommit mode: undefined/unknown
	Isolation level: undefined/unknown
	Minimum pool size: undefined/unknown
	Maximum pool size: undefined/unknown
2026-03-06T09:11:52.746+08:00  INFO 21272 --- [splitshare] [           main] o.h.e.t.j.p.i.JtaPlatformInitiator       : HHH000489: No JTA platform available (set 'hibernate.transaction.jta.platform' to enable JTA platform integration)
2026-03-06T09:11:53.371+08:00  WARN 21272 --- [splitshare] [           main] o.h.engine.jdbc.spi.SqlExceptionHelper   : SQL Warning Code: 0, SQLState: 00000
2026-03-06T09:11:53.373+08:00  WARN 21272 --- [splitshare] [           main] o.h.engine.jdbc.spi.SqlExceptionHelper   : constraint "uk6dotkott2kjsp8vw4d0m25fb7" of relation "users" does not exist, skipping
2026-03-06T09:11:53.477+08:00  INFO 21272 --- [splitshare] [           main] j.LocalContainerEntityManagerFactoryBean : Initialized JPA EntityManagerFactory for persistence unit 'default'
2026-03-06T09:11:53.721+08:00  INFO 21272 --- [splitshare] [           main] eAuthenticationProviderManagerConfigurer : Global AuthenticationManager configured with AuthenticationProvider bean with name authenticationProvider
2026-03-06T09:11:53.721+08:00  WARN 21272 --- [splitshare] [           main] r$InitializeUserDetailsManagerConfigurer : Global AuthenticationManager configured with an AuthenticationProvider bean. UserDetailsService beans will not be used by Spring Security for automatically configuring username/password login. Consider removing the AuthenticationProvider bean. Alternatively, consider using the UserDetailsService in a manually instantiated DaoAuthenticationProvider. If the current configuration is intentional, to turn off this warning, increase the logging level of 'org.springframework.security.config.annotation.authentication.configuration.InitializeUserDetailsBeanManagerConfigurer' to ERROR
2026-03-06T09:11:54.264+08:00  INFO 21272 --- [splitshare] [           main] o.s.b.w.embedded.tomcat.TomcatWebServer  : Tomcat started on port 8080 (http) with context path '/'
2026-03-06T09:11:54.275+08:00  INFO 21272 --- [splitshare] [           main] e.c.c.splitshare.SplitshareApplication   : Started SplitshareApplication in 6.072 seconds (process running for 6.394)
2026-03-06T09:12:45.053+08:00  INFO 21272 --- [splitshare] [nio-8080-exec-1] o.a.c.c.C.[Tomcat].[localhost].[/]       : Initializing Spring DispatcherServlet 'dispatcherServlet'
2026-03-06T09:12:45.053+08:00  INFO 21272 --- [splitshare] [nio-8080-exec-1] o.s.web.servlet.DispatcherServlet        : Initializing Servlet 'dispatcherServlet'
2026-03-06T09:12:45.053+08:00  INFO 21272 --- [splitshare] [nio-8080-exec-1] o.s.web.servlet.DispatcherServlet        : Completed initialization in 0 ms
